<?xml version="1.0" encoding="UTF-8"?>
<!-- Generated by org.testng.reporters.JUnitReportReporter -->
<testsuite hostname="qsp_mum_Faculty1" name="Programs.Program1" tests="1" failures="0" timestamp="7 Aug 2018 13:30:41 GMT" time="0.010" errors="0">
  <testcase name="m1" time="0.010" classname="Programs.Program1"/>
</testsuite> <!-- Programs.Program1 -->
